<?xml version="1.0" encoding="UTF-8"?>
<testsuite name="ateamproject.kezuino.com.github.singleplayer.TestPortal" tests="1" skipped="0" failures="0" errors="0" timestamp="2015-03-29T22:34:41" hostname="Ken-Laptop" time="0.001">
  <properties/>
  <testcase name="testPortalConstructor" classname="ateamproject.kezuino.com.github.singleplayer.TestPortal" time="0.001"/>
  <system-out><![CDATA[]]></system-out>
  <system-err><![CDATA[]]></system-err>
</testsuite>
