<?xml version="1.0" encoding="UTF-8"?>
<testsuite name="ateamproject.kezuino.com.github.singleplayer.TestPortal" tests="2" skipped="0" failures="0" errors="0" timestamp="2015-03-30T10:11:56" hostname="Svenke" time="0.145">
  <properties/>
  <testcase name="testPortalConstructor" classname="ateamproject.kezuino.com.github.singleplayer.TestPortal" time="0.001"/>
  <testcase name="testPortalConstructor" classname="ateamproject.kezuino.com.github.singleplayer.TestPortal" time="0.003"/>
  <system-out><![CDATA[]]></system-out>
  <system-err><![CDATA[]]></system-err>
</testsuite>
