<?xml version="1.0" encoding="UTF-8"?>
<testsuite name="ateamproject.kezuino.com.github.singleplayer.TestScore" tests="2" skipped="0" failures="0" errors="0" timestamp="2015-03-29T22:34:41" hostname="Ken-Laptop" time="0.001">
  <properties/>
  <testcase name="testIncrementScore" classname="ateamproject.kezuino.com.github.singleplayer.TestScore" time="0.0"/>
  <testcase name="testDecrementScore" classname="ateamproject.kezuino.com.github.singleplayer.TestScore" time="0.0"/>
  <system-out><![CDATA[]]></system-out>
  <system-err><![CDATA[]]></system-err>
</testsuite>
